<?xml version="1.0" encoding="UTF-8"?>
<testng-results ignored="0" total="1" passed="1" failed="0" skipped="0">
  <reporter-output>
  </reporter-output>
  <suite started-at="2023-10-09T14:51:26 IST" name="Default suite" finished-at="2023-10-09T14:52:41 IST" duration-ms="74826">
    <groups>
      <group name="smoke">
        <method signature="LoginTest.verifyLoginPage(java.lang.String,java.lang.String)[pri:1, instance:com.qa.test.LoginTest@1b2abca6]" name="verifyLoginPage" class="com.qa.test.LoginTest"/>
      </group> <!-- smoke -->
    </groups>
    <test started-at="2023-10-09T14:51:26 IST" name="Default test" finished-at="2023-10-09T14:52:41 IST" duration-ms="74826">
      <class name="com.qa.test.LoginTest">
        <test-method is-config="true" signature="beforeMethod(java.lang.String)[pri:0, instance:com.qa.test.LoginTest@1b2abca6]" started-at="2023-10-09T14:51:27 IST" name="beforeMethod" finished-at="2023-10-09T14:52:36 IST" duration-ms="69577" status="PASS">
          <params>
            <param index="0">
              <value>
                <![CDATA[chrome]]>
              </value>
            </param>
          </params>
          <reporter-output>
          </reporter-output>
        </test-method> <!-- beforeMethod -->
        <test-method signature="verifyLoginPage(java.lang.String,java.lang.String)[pri:1, instance:com.qa.test.LoginTest@1b2abca6]" started-at="2023-10-09T14:52:36 IST" name="verifyLoginPage" data-provider="userData" finished-at="2023-10-09T14:52:41 IST" duration-ms="4375" status="PASS">
          <params>
            <param index="0">
              <value>
                <![CDATA[admin]]>
              </value>
            </param>
            <param index="1">
              <value>
                <![CDATA[123456]]>
              </value>
            </param>
          </params>
          <reporter-output>
          </reporter-output>
        </test-method> <!-- verifyLoginPage -->
        <test-method is-config="true" signature="takeScreenShotOnFailure(org.testng.ITestResult)[pri:0, instance:com.qa.test.LoginTest@1b2abca6]" started-at="2023-10-09T14:52:41 IST" name="takeScreenShotOnFailure" finished-at="2023-10-09T14:52:41 IST" duration-ms="354" status="PASS">
          <params>
            <param index="0">
              <value>
                <![CDATA[[TestResult name=verifyLoginPage status=SUCCESS method=LoginTest.verifyLoginPage(java.lang.String,java.lang.String)[pri:1, instance:com.qa.test.LoginTest@1b2abca6] output={null}]]]>
              </value>
            </param>
          </params>
          <reporter-output>
          </reporter-output>
        </test-method> <!-- takeScreenShotOnFailure -->
      </class> <!-- com.qa.test.LoginTest -->
    </test> <!-- Default test -->
  </suite> <!-- Default suite -->
</testng-results>
