<?xml version="1.0" encoding="UTF-8"?>
<!-- Generated by org.testng.reporters.JUnitXMLReporter -->
<testsuite ignored="0" hostname="LAPTOP-UC1TL4OC" failures="0" tests="4" name="Default test" time="49.796" errors="0" timestamp="2023-09-18T10:35:29 IST">
  <testcase classname="com.qa.test.CustomerTest" name="testCustomer" time="6.265"/>
  <testcase classname="com.qa.test.CustomerTest" name="verifysearchCustomer" time="4.016"/>
  <testcase classname="com.qa.test.CustomerTest" name="verifyeditCustomers" time="15.015"/>
  <testcase classname="com.qa.test.CustomerTest" name="verifyDeleteCustomers" time="5.955"/>
</testsuite> <!-- Default test -->
