<?xml version="1.0" encoding="UTF-8"?>
<!-- Generated by org.testng.reporters.JUnitXMLReporter -->
<testsuite ignored="0" hostname="LAPTOP-UC1TL4OC" failures="0" tests="11" name="Test" time="310.021" errors="0" timestamp="2023-09-21T16:15:45 IST">
  <testcase classname="com.qa.test.SupplierTest" name="testSupplier" time="8.646"/>
  <testcase classname="com.qa.test.SupplierTest" name="verifySearchSupplier" time="8.478"/>
  <testcase classname="com.qa.test.SupplierTest" name="verifyEditSupplier" time="10.354"/>
  <testcase classname="com.qa.test.SupplierTest" name="verifyviewSupplier" time="11.173"/>
  <testcase classname="com.qa.test.SupplierTest" name="verifyDelete" time="10.712"/>
  <testcase classname="com.qa.test.LoginTest" name="verifyLoginPage" time="3.585"/>
  <testcase classname="com.qa.test.CustomerTest" name="testCustomer" time="20.63"/>
  <testcase classname="com.qa.test.CustomerTest" name="verifysearchCustomer" time="6.772"/>
  <testcase classname="com.qa.test.CustomerTest" name="verifyviewCustomers" time="9.465"/>
  <testcase classname="com.qa.test.CustomerTest" name="verifyeditCustomers" time="11.07"/>
  <testcase classname="com.qa.test.CustomerTest" name="verifyDeleteCustomers" time="7.96"/>
</testsuite> <!-- Test -->
